#-----------------------------------------------------------
# Vivado v2019.2 (64-bit)
# SW Build 2708876 on Wed Nov  6 21:40:23 MST 2019
# IP Build 2700528 on Thu Nov  7 00:09:20 MST 2019
# Start of session at: Thu Nov 14 08:02:59 2024
# Process ID: 12340
# Current directory: D:/HuaweiMoveData/Users/kiwi/Desktop/SA_lenet_mul/project_1
# Command line: vivado.exe -gui_launcher_event rodinguilauncherevent12868 D:\HuaweiMoveData\Users\kiwi\Desktop\SA_lenet_mul\project_1\project_1.xpr
# Log file: D:/HuaweiMoveData/Users/kiwi/Desktop/SA_lenet_mul/project_1/vivado.log
# Journal file: D:/HuaweiMoveData/Users/kiwi/Desktop/SA_lenet_mul/project_1\vivado.jou
#-----------------------------------------------------------
start_gui
open_project D:/HuaweiMoveData/Users/kiwi/Desktop/SA_lenet_mul/project_1/project_1.xpr
Scanning sources...
Finished scanning sources
INFO: [IP_Flow 19-234] Refreshing IP repositories
INFO: [IP_Flow 19-1704] No user IP repositories specified
INFO: [IP_Flow 19-2313] Loaded Vivado IP repository 'D:/vivado_19.2/Vivado/2019.2/data/ip'.
open_project: Time (s): cpu = 00:00:11 ; elapsed = 00:00:15 . Memory (MB): peak = 1180.270 ; gain = 479.645
update_compile_order -fileset sources_1
open_hw_manager
open_run impl_1
INFO: [Device 21-403] Loading part xc7z020clg400-1
Netlist sorting complete. Time (s): cpu = 00:00:01 ; elapsed = 00:00:00.837 . Memory (MB): peak = 1937.023 ; gain = 0.000
INFO: [Netlist 29-17] Analyzing 4690 Unisim elements for replacement
INFO: [Netlist 29-28] Unisim Transformation completed in 0 CPU seconds
INFO: [Project 1-479] Netlist was created with Vivado 2019.2
INFO: [Project 1-570] Preparing netlist for logic optimization
INFO: [Timing 38-478] Restoring timing data from binary archive.
INFO: [Timing 38-479] Binary timing data restore complete.
INFO: [Project 1-856] Restoring constraints from binary archive.
INFO: [Project 1-853] Binary constraint restore complete.
Reading XDEF placement.
Reading placer database...
Reading XDEF routing.
Read XDEF File: Time (s): cpu = 00:00:04 ; elapsed = 00:00:04 . Memory (MB): peak = 2663.230 ; gain = 47.359
Restored from archive | CPU: 4.000000 secs | Memory: 0.000000 MB |
Finished XDEF File Restore: Time (s): cpu = 00:00:04 ; elapsed = 00:00:04 . Memory (MB): peak = 2663.230 ; gain = 47.359
Netlist sorting complete. Time (s): cpu = 00:00:00 ; elapsed = 00:00:00.019 . Memory (MB): peak = 2663.230 ; gain = 0.000
INFO: [Project 1-111] Unisim Transformation Summary:
  A total of 516 instances were transformed.
  RAM32M => RAM32M (RAMD32(x6), RAMS32(x2)): 516 instances

open_run: Time (s): cpu = 00:00:30 ; elapsed = 00:00:30 . Memory (MB): peak = 2773.160 ; gain = 836.137
open_report: Time (s): cpu = 00:00:13 ; elapsed = 00:00:07 . Memory (MB): peak = 2908.129 ; gain = 116.621
close_design
reset_run synth_1
launch_runs impl_1 -to_step write_bitstream -jobs 8
[Thu Nov 14 08:06:16 2024] Launched synth_1...
Run output will be captured here: D:/HuaweiMoveData/Users/kiwi/Desktop/SA_lenet_mul/project_1/project_1.runs/synth_1/runme.log
[Thu Nov 14 08:06:16 2024] Launched impl_1...
Run output will be captured here: D:/HuaweiMoveData/Users/kiwi/Desktop/SA_lenet_mul/project_1/project_1.runs/impl_1/runme.log
open_run impl_1
Netlist sorting complete. Time (s): cpu = 00:00:01 ; elapsed = 00:00:00.822 . Memory (MB): peak = 3380.410 ; gain = 0.000
INFO: [Netlist 29-17] Analyzing 4690 Unisim elements for replacement
INFO: [Netlist 29-28] Unisim Transformation completed in 1 CPU seconds
INFO: [Project 1-479] Netlist was created with Vivado 2019.2
INFO: [Project 1-570] Preparing netlist for logic optimization
INFO: [Timing 38-478] Restoring timing data from binary archive.
INFO: [Timing 38-479] Binary timing data restore complete.
INFO: [Project 1-856] Restoring constraints from binary archive.
INFO: [Project 1-853] Binary constraint restore complete.
Reading XDEF placement.
Reading placer database...
Reading XDEF routing.
Read XDEF File: Time (s): cpu = 00:00:04 ; elapsed = 00:00:04 . Memory (MB): peak = 3380.410 ; gain = 0.000
Restored from archive | CPU: 5.000000 secs | Memory: 0.000000 MB |
Finished XDEF File Restore: Time (s): cpu = 00:00:04 ; elapsed = 00:00:04 . Memory (MB): peak = 3380.410 ; gain = 0.000
Netlist sorting complete. Time (s): cpu = 00:00:00 ; elapsed = 00:00:00.019 . Memory (MB): peak = 3380.410 ; gain = 0.000
INFO: [Project 1-111] Unisim Transformation Summary:
  A total of 516 instances were transformed.
  RAM32M => RAM32M (RAMD32(x6), RAMS32(x2)): 516 instances

open_run: Time (s): cpu = 00:00:15 ; elapsed = 00:00:15 . Memory (MB): peak = 3380.410 ; gain = 0.000
open_report: Time (s): cpu = 00:00:14 ; elapsed = 00:00:06 . Memory (MB): peak = 3380.410 ; gain = 0.000
reset_run impl_1 -prev_step 
launch_runs impl_1 -to_step write_bitstream -jobs 8
[Thu Nov 14 08:30:28 2024] Launched impl_1...
Run output will be captured here: D:/HuaweiMoveData/Users/kiwi/Desktop/SA_lenet_mul/project_1/project_1.runs/impl_1/runme.log
exit
INFO: [Common 17-206] Exiting Vivado at Thu Nov 14 08:32:01 2024...
